{"level":"error","message":"n1 is incorrectly defined","service":"calculator-microservice"}
{"level":"error","message":"n1 is incorrectly defined","service":"calculator-microservice"}
{"level":"info","message":"New add operation requested: 23 + 34 = 57","service":"calculator-microservice"}
{"level":"error","message":"num1 is incorrectly defined","service":"calculator-microservice"}
{"level":"info","message":"New subtraction operation requested: 23 - 34 = -11","service":"calculator-microservice"}
{"level":"info","message":"New add operation requested: 23 + 34 = 57","service":"calculator-microservice"}
{"level":"error","message":"num1 is incorrectly defined","service":"calculator-microservice"}
{"level":"info","message":"Parameters 23 and 34 received for addition","service":"calculator-microservice"}
{"level":"info","message":"Parameters 33 and 34 received for subtraction","service":"calculator-microservice"}
{"level":"info","message":"Parameters 33 and 34 received for multiplication","service":"calculator-microservice"}
{"level":"info","message":"Parameters 33 and 34 received for division","service":"calculator-microservice"}
{"level":"error","message":"num2 is incorrectly defined","service":"calculator-microservice"}
{"level":"error","message":"num1 is incorrectly defined","service":"calculator-microservice"}
{"level":"error","message":"num1 is incorrectly defined","service":"calculator-microservice"}
{"level":"error","message":"num1 is incorrectly defined","service":"calculator-microservice"}
{"level":"info","message":"Parameters 23 and 34 received for addition","service":"calculator-microservice"}
{"level":"info","message":"Parameters 23 and 34 received for subtraction","service":"calculator-microservice"}
{"level":"info","message":"Parameters 23 and 34 received for multiplication","service":"calculator-microservice"}
{"level":"info","message":"Parameters 23 and 34 received for division","service":"calculator-microservice"}
{"level":"error","message":"num2 is incorrectly defined","service":"calculator-microservice"}
{"level":"error","message":"num1 is incorrectly defined","service":"calculator-microservice"}
{"level":"info","message":"Parameters 23 and 34 received for addition","service":"calculator-microservice"}
{"level":"info","message":"Parameters 23 and 34 received for subtraction","service":"calculator-microservice"}
{"level":"info","message":"Parameters 2 and 34 received for multiplication","service":"calculator-microservice"}
{"level":"info","message":"Parameters 10 and 2 received for division","service":"calculator-microservice"}
{"level":"info","message":"Parameters 23 and 34 received for addition","service":"calculator-microservice"}
{"level":"info","message":"Parameters 23 and 34 received for addition","service":"calculator-microservice"}
{"level":"info","message":"Parameters 23 and 34 received for addition","service":"calculator-microservice"}
{"level":"info","message":"Parameters 35 and 34 received for subtraction","service":"calculator-microservice"}
{"level":"info","message":"Parameters 35 and 34 received for multiplication","service":"calculator-microservice"}
{"level":"info","message":"Parameters 35 and 5 received for division","service":"calculator-microservice"}
